   # |           FaultLine | Type | input_in3 | input_in2 | input_in1 |
-----------------------------------------------------------------------
   1 |              or1_w1 | SA-1 |         0 |         0 |         X |
-----------------------------------------------------------------------
   2 |              or1_w1 | SA-0 |         0 |         1 |         1 |
-----------------------------------------------------------------------
   3 |             or1_in3 | SA-1 |         0 |         0 |         X |
-----------------------------------------------------------------------
   4 |             or1_in3 | SA-0 |         1 |         X |         0 |
-----------------------------------------------------------------------
   5 |            or1_out1 | SA-1 |         0 |         0 |         X |
-----------------------------------------------------------------------
   6 |            or1_out1 | SA-0 |         1 |         X |         X |
-----------------------------------------------------------------------
   7 |            and1_in2 | SA-1 |         0 |         0 |         1 |
-----------------------------------------------------------------------
   8 |            and1_in2 | SA-0 |         0 |         1 |         1 |
-----------------------------------------------------------------------
   9 |            and1_in1 | SA-1 |         0 |         1 |         0 |
-----------------------------------------------------------------------
  10 |            and1_in1 | SA-0 |         0 |         1 |         1 |
-----------------------------------------------------------------------
  11 |             and1_w1 | SA-1 |         0 |         0 |         X |
-----------------------------------------------------------------------
  12 |             and1_w1 | SA-0 |         0 |         1 |         1 |
