   # |           FaultLine | Type | input_in3 | input_in2 | input_in1 |
-----------------------------------------------------------------------
   1 |             and2_w2 | SA-1 |         1 |         0 |         0 |
-----------------------------------------------------------------------
   2 |             and2_w2 | SA-0 |         1 |         X |         1 |
-----------------------------------------------------------------------
   3 |            and2_in3 | SA-1 |         0 |         1 |         X |
-----------------------------------------------------------------------
   4 |            and2_in3 | SA-0 |         1 |         X |         1 |
-----------------------------------------------------------------------
   5 |           and2_out4 | SA-1 |         X |         0 |         0 |
-----------------------------------------------------------------------
   6 |           and2_out4 | SA-0 |         1 |         1 |         X |
-----------------------------------------------------------------------
   7 |             or2_in3 | SA-1 |         0 |         1 |         X |
-----------------------------------------------------------------------
   8 |             or2_in3 | SA-0 |         1 |         X |         1 |
-----------------------------------------------------------------------
   9 |            or2_out2 | SA-1 |         0 |         1 |         X |
-----------------------------------------------------------------------
  10 |            or2_out2 | SA-0 |         0 |         0 |         0 |
-----------------------------------------------------------------------
  11 |            or2_out3 | SA-1 |         0 |         X |         1 |
-----------------------------------------------------------------------
  12 |            or2_out3 | SA-0 |         X |         0 |         0 |
-----------------------------------------------------------------------
  13 |             not2_w2 | SA-1 |         X |         0 |         0 |
-----------------------------------------------------------------------
  14 |             not2_w2 | SA-0 |         0 |         X |         1 |
-----------------------------------------------------------------------
  15 |           not2_out2 | SA-1 |         X |         1 |         X |
-----------------------------------------------------------------------
  16 |           not2_out2 | SA-0 |         X |         0 |         0 |
-----------------------------------------------------------------------
  17 |             or1_in2 | SA-1 |         1 |         0 |         0 |
-----------------------------------------------------------------------
  18 |             or1_in2 | SA-0 |         1 |         1 |         0 |
-----------------------------------------------------------------------
  19 |             or1_in1 | SA-1 |         1 |         0 |         0 |
-----------------------------------------------------------------------
  20 |             or1_in1 | SA-0 |         1 |         0 |         1 |
-----------------------------------------------------------------------
  21 |              or1_w2 | SA-1 |         1 |         0 |         0 |
-----------------------------------------------------------------------
  22 |              or1_w2 | SA-0 |         1 |         X |         1 |
-----------------------------------------------------------------------
  23 |             not1_w1 | SA-1 |         X |         0 |         X |
-----------------------------------------------------------------------
  24 |             not1_w1 | SA-0 |         X |         1 |         1 |
-----------------------------------------------------------------------
  25 |           not1_out1 | SA-1 |         X |         1 |         1 |
-----------------------------------------------------------------------
  26 |           not1_out1 | SA-0 |         X |         X |         0 |
-----------------------------------------------------------------------
  27 |            and1_in2 | SA-1 |         X |         0 |         1 |
-----------------------------------------------------------------------
  28 |            and1_in2 | SA-0 |         X |         1 |         1 |
-----------------------------------------------------------------------
  29 |            and1_in1 | SA-1 |         X |         1 |         0 |
-----------------------------------------------------------------------
  30 |            and1_in1 | SA-0 |         X |         1 |         1 |
-----------------------------------------------------------------------
  31 |             and1_w1 | SA-1 |         X |         0 |         X |
-----------------------------------------------------------------------
  32 |             and1_w1 | SA-0 |         X |         1 |         1 |
